false
treu
true
###########
ls
cd ../../
l
cd ..
ls
cd documentation/
git pull
ls
mv troubleshooting-workshops/ workshops_troubleshooting
ls
cd workshops_troubleshooting/
ls
cat readme.md 
cd unixshell/
ls
cd ..
tree
cd python/
ls
mv installing-anaconda-LINUX.md anaconda_install_linux.md
mv installing-anaconda-MAC.md  anaconda_install_mac.md
mv installing-anaconda-WINDOWS.md anaconda_install_windows.md
mv add-anaconda-to-the-path.md anaconda_add-to-path.md
ls
mv anaconda_add-to-path.md anaconda-add_to_path.md 
mv anaconda_install_linux.md anaconda-install_linux.md 
mv anaconda_install_mac.md anaconda-install_mac.md 
mv anaconda_install_windows.md anaconda-install_windows.md 
ls
git status 
cd ../../
ls
